<?xml version="1.0" encoding="UTF-8"?>

<mule xmlns:ee="http://www.mulesoft.org/schema/mule/ee/core" xmlns:http="http://www.mulesoft.org/schema/mule/http"
	xmlns="http://www.mulesoft.org/schema/mule/core"
	xmlns:doc="http://www.mulesoft.org/schema/mule/documentation" xmlns:xsi="http://www.w3.org/2001/XMLSchema-instance" xsi:schemaLocation="http://www.mulesoft.org/schema/mule/core http://www.mulesoft.org/schema/mule/core/current/mule.xsd
http://www.mulesoft.org/schema/mule/http http://www.mulesoft.org/schema/mule/http/current/mule-http.xsd
http://www.mulesoft.org/schema/mule/ee/core http://www.mulesoft.org/schema/mule/ee/core/current/mule-ee.xsd">
	<flow name="test-apiFlow" doc:id="7412bc22-e9ce-4daa-8ea0-a06c3a22b763" >
		<http:listener doc:name="Listener" doc:id="a9a1f492-a33d-4e82-90c6-1bd96512e89c" config-ref="domain_HTTP_Listener_config" path="/test"/>
		<logger level="INFO" doc:name="Logger" doc:id="c3fa3c44-12ad-4d61-a19f-82b02e472478" />
		<ee:transform doc:name="Transform Message" doc:id="bc217433-152f-46e2-a41b-cea976054888" >
			<ee:message >
				<ee:set-payload ><![CDATA[%dw 2.0
output application/json
---
{
	message: "Test Response"
}]]></ee:set-payload>
			</ee:message>
		</ee:transform>
	</flow>
</mule>
